<?xml version="1.0" encoding="UTF-8"?>
<!-- Generated by org.testng.reporters.JUnitXMLReporter -->
<testsuite ignored="0" hostname="DESKTOP-JLHE1JF" failures="0" tests="21" name="Test" time="41.12" errors="0" timestamp="2022-09-03T11:17:06 IST">
  <testcase classname="testng.P1" name="apple" time="0.015"/>
  <testcase classname="testng.P1" name="banana" time="0.002"/>
  <testcase classname="testng.P1" name="chickoo" time="0.027"/>
  <testcase classname="testng.P2" name="manjar" time="0.009"/>
  <testcase classname="testng.P2" name="manjar" time="0.002"/>
  <testcase classname="testng.P2" name="kavla" time="0.002"/>
  <testcase classname="testng.P2" name="kavla" time="0.005"/>
  <testcase classname="testng.P2" name="kavla" time="0.002"/>
  <testcase classname="testng.P2" name="kutra" time="0.007"/>
  <testcase classname="testng.P2" name="kutra" time="0.004"/>
  <testcase classname="testng.P2" name="kutra" time="0.005"/>
  <testcase classname="testng.P2" name="kutra" time="0.01"/>
  <testcase classname="testng.P2" name="kutra" time="0.002"/>
  <testcase classname="testng.P3" name="test1" time="0.007"/>
  <testcase classname="testng.P4" name="b3" time="0.004"/>
  <testcase classname="testng.P4" name="b4" time="0.005"/>
  <testcase classname="testng.P5" name="testGoogle" time="3.063"/>
  <testcase classname="testng.P5" name="testFb" time="2.611"/>
  <testcase classname="testng.Act1" name="openApp" time="3.229"/>
  <testcase classname="testng.Act1" name="testApp" time="21.231"/>
  <testcase classname="testng.Act1" name="closeApp" time="0.237"/>
</testsuite> <!-- Test -->
