<?xml version="1.0" encoding="UTF-8"?>
<testng-results ignored="0" total="3" passed="3" failed="0" skipped="0">
  <reporter-output>
    <line>
      <![CDATA[safarchand]]>
    </line>
    <line>
      <![CDATA[kela]]>
    </line>
    <line>
      <![CDATA[Sapota]]>
    </line>
  </reporter-output>
  <suite started-at="2022-09-06T10:08:41 IST" name="Default suite" finished-at="2022-09-06T10:08:41 IST" duration-ms="117">
    <groups>
    </groups>
    <test started-at="2022-09-06T10:08:41 IST" name="Default test" finished-at="2022-09-06T10:08:41 IST" duration-ms="117">
      <class name="testng.P1">
        <test-method is-config="true" signature="e1()[pri:0, instance:testng.P1@2accdbb5]" started-at="2022-09-06T10:08:41 IST" name="e1" finished-at="2022-09-06T10:08:41 IST" duration-ms="27" status="PASS">
          <reporter-output>
          </reporter-output>
        </test-method> <!-- e1 -->
        <test-method signature="apple()[pri:0, instance:testng.P1@2accdbb5]" started-at="2022-09-06T10:08:41 IST" name="apple" finished-at="2022-09-06T10:08:41 IST" duration-ms="20" status="PASS">
          <reporter-output>
            <line>
              <![CDATA[safarchand]]>
            </line>
          </reporter-output>
        </test-method> <!-- apple -->
        <test-method signature="banana()[pri:0, instance:testng.P1@2accdbb5]" started-at="2022-09-06T10:08:41 IST" name="banana" finished-at="2022-09-06T10:08:41 IST" duration-ms="5" status="PASS">
          <reporter-output>
            <line>
              <![CDATA[kela]]>
            </line>
          </reporter-output>
        </test-method> <!-- banana -->
        <test-method signature="chickoo()[pri:0, instance:testng.P1@2accdbb5]" started-at="2022-09-06T10:08:41 IST" name="chickoo" finished-at="2022-09-06T10:08:41 IST" duration-ms="2" status="PASS">
          <reporter-output>
            <line>
              <![CDATA[Sapota]]>
            </line>
          </reporter-output>
        </test-method> <!-- chickoo -->
      </class> <!-- testng.P1 -->
    </test> <!-- Default test -->
  </suite> <!-- Default suite -->
</testng-results>
